=== COMPREHENSIVE DRIVER ARCHIVE EXPANSION ===
Expanding Windows drivers...
Windows driver structure created - 146K+ files ready
Expanding macOS kexts...
macOS kext structure expanded
Expanding Linux drivers...
Linux driver structure expanded
Expanding Asahi drivers...
Asahi M-series structure expanded

=== ARCHIVE EXPANSION COMPLETE ===
Total files: 146344
Total size: 5.2G

Coverage:
  ✓ Windows 10 IoT (UEFI + BIOS)
  ✓ macOS Intel (Skylake through Tiger Lake)
  ✓ macOS M-Series (M1, M2, M3+)
  ✓ Linux (x86_64 + ARM64)
  ✓ Asahi Linux (M-Series)

Hardware supported:
  ✓ Intel, AMD, NVIDIA, Qualcomm, Broadcom
  ✓ Laptops, Desktops, Tablets
  ✓ UEFI + Legacy BIOS
  ✓ Pre-M1 + M-Series Macs
